2021-05-18 09:28:56,775 INFO org.springframework.boot.StartupInfoLogger [main] Starting QuintaPracticaAccesoDatosMayoApplication using Java 11.0.8 on DESKTOP-SPU9LGP with PID 5680 (C:\Users\shady\Documents\Proyectos_IntelliJ\QuintaPracticaAccesoDatosMayo\target\classes started by shady in C:\Users\shady\Documents\Proyectos_IntelliJ\QuintaPracticaAccesoDatosMayo)
2021-05-18 09:28:56,776 INFO org.springframework.boot.SpringApplication [main] No active profile set, falling back to default profiles: default
2021-05-18 09:28:57,278 INFO org.springframework.data.repository.config.RepositoryConfigurationDelegate [main] Bootstrapping Spring Data JPA repositories in DEFAULT mode.
2021-05-18 09:28:57,316 INFO org.springframework.data.repository.config.RepositoryConfigurationDelegate [main] Finished Spring Data repository scanning in 31 ms. Found 1 JPA repository interfaces.
2021-05-18 09:28:57,760 INFO org.springframework.boot.web.embedded.tomcat.TomcatWebServer [main] Tomcat initialized with port(s): 8080 (http)
2021-05-18 09:28:57,767 INFO org.apache.juli.logging.DirectJDKLog [main] Initializing ProtocolHandler ["http-nio-8080"]
2021-05-18 09:28:57,767 INFO org.apache.juli.logging.DirectJDKLog [main] Starting service [Tomcat]
2021-05-18 09:28:57,771 INFO org.apache.juli.logging.DirectJDKLog [main] Starting Servlet engine: [Apache Tomcat/9.0.45]
2021-05-18 09:28:57,849 INFO org.apache.juli.logging.DirectJDKLog [main] Initializing Spring embedded WebApplicationContext
2021-05-18 09:28:57,849 INFO org.springframework.boot.web.servlet.context.ServletWebServerApplicationContext [main] Root WebApplicationContext: initialization completed in 1043 ms
2021-05-18 09:28:57,980 INFO org.hibernate.jpa.internal.util.LogHelper [main] HHH000204: Processing PersistenceUnitInfo [name: default]
2021-05-18 09:28:58,036 INFO org.hibernate.Version [main] HHH000412: Hibernate ORM core version 5.4.30.Final
2021-05-18 09:28:58,131 INFO org.hibernate.annotations.common.reflection.java.JavaReflectionManager [main] HCANN000001: Hibernate Commons Annotations {5.1.2.Final}
2021-05-18 09:28:58,198 INFO com.zaxxer.hikari.HikariDataSource [main] HikariPool-1 - Starting...
2021-05-18 09:28:59,329 ERROR com.zaxxer.hikari.pool.HikariPool [main] HikariPool-1 - Exception during pool initialization.
java.sql.SQLSyntaxErrorException: Unknown database 'developers'
	at com.mysql.cj.jdbc.exceptions.SQLError.createSQLException(SQLError.java:120)
	at com.mysql.cj.jdbc.exceptions.SQLExceptionsMapping.translateException(SQLExceptionsMapping.java:122)
	at com.mysql.cj.jdbc.ConnectionImpl.createNewIO(ConnectionImpl.java:833)
	at com.mysql.cj.jdbc.ConnectionImpl.<init>(ConnectionImpl.java:453)
	at com.mysql.cj.jdbc.ConnectionImpl.getInstance(ConnectionImpl.java:246)
	at com.mysql.cj.jdbc.NonRegisteringDriver.connect(NonRegisteringDriver.java:198)
	at com.zaxxer.hikari.util.DriverDataSource.getConnection(DriverDataSource.java:138)
	at com.zaxxer.hikari.pool.PoolBase.newConnection(PoolBase.java:358)
	at com.zaxxer.hikari.pool.PoolBase.newPoolEntry(PoolBase.java:206)
	at com.zaxxer.hikari.pool.HikariPool.createPoolEntry(HikariPool.java:477)
	at com.zaxxer.hikari.pool.HikariPool.checkFailFast(HikariPool.java:560)
	at com.zaxxer.hikari.pool.HikariPool.<init>(HikariPool.java:115)
	at com.zaxxer.hikari.HikariDataSource.getConnection(HikariDataSource.java:112)
	at org.hibernate.engine.jdbc.connections.internal.DatasourceConnectionProviderImpl.getConnection(DatasourceConnectionProviderImpl.java:122)
	at org.hibernate.engine.jdbc.env.internal.JdbcEnvironmentInitiator$ConnectionProviderJdbcConnectionAccess.obtainConnection(JdbcEnvironmentInitiator.java:180)
	at org.hibernate.engine.jdbc.env.internal.JdbcEnvironmentInitiator.initiateService(JdbcEnvironmentInitiator.java:68)
	at org.hibernate.engine.jdbc.env.internal.JdbcEnvironmentInitiator.initiateService(JdbcEnvironmentInitiator.java:35)
	at org.hibernate.boot.registry.internal.StandardServiceRegistryImpl.initiateService(StandardServiceRegistryImpl.java:101)
	at org.hibernate.service.internal.AbstractServiceRegistryImpl.createService(AbstractServiceRegistryImpl.java:263)
	at org.hibernate.service.internal.AbstractServiceRegistryImpl.initializeService(AbstractServiceRegistryImpl.java:237)
	at org.hibernate.service.internal.AbstractServiceRegistryImpl.getService(AbstractServiceRegistryImpl.java:214)
	at org.hibernate.id.factory.internal.DefaultIdentifierGeneratorFactory.injectServices(DefaultIdentifierGeneratorFactory.java:152)
	at org.hibernate.service.internal.AbstractServiceRegistryImpl.injectDependencies(AbstractServiceRegistryImpl.java:286)
	at org.hibernate.service.internal.AbstractServiceRegistryImpl.initializeService(AbstractServiceRegistryImpl.java:243)
	at org.hibernate.service.internal.AbstractServiceRegistryImpl.getService(AbstractServiceRegistryImpl.java:214)
	at org.hibernate.boot.internal.InFlightMetadataCollectorImpl.<init>(InFlightMetadataCollectorImpl.java:176)
	at org.hibernate.boot.model.process.spi.MetadataBuildingProcess.complete(MetadataBuildingProcess.java:127)
	at org.hibernate.jpa.boot.internal.EntityManagerFactoryBuilderImpl.metadata(EntityManagerFactoryBuilderImpl.java:1224)
	at org.hibernate.jpa.boot.internal.EntityManagerFactoryBuilderImpl.build(EntityManagerFactoryBuilderImpl.java:1255)
	at org.springframework.orm.jpa.vendor.SpringHibernateJpaPersistenceProvider.createContainerEntityManagerFactory(SpringHibernateJpaPersistenceProvider.java:58)
	at org.springframework.orm.jpa.LocalContainerEntityManagerFactoryBean.createNativeEntityManagerFactory(LocalContainerEntityManagerFactoryBean.java:365)
	at org.springframework.orm.jpa.AbstractEntityManagerFactoryBean.buildNativeEntityManagerFactory(AbstractEntityManagerFactoryBean.java:409)
	at org.springframework.orm.jpa.AbstractEntityManagerFactoryBean.afterPropertiesSet(AbstractEntityManagerFactoryBean.java:396)
	at org.springframework.orm.jpa.LocalContainerEntityManagerFactoryBean.afterPropertiesSet(LocalContainerEntityManagerFactoryBean.java:341)
	at org.springframework.beans.factory.support.AbstractAutowireCapableBeanFactory.invokeInitMethods(AbstractAutowireCapableBeanFactory.java:1845)
	at org.springframework.beans.factory.support.AbstractAutowireCapableBeanFactory.initializeBean(AbstractAutowireCapableBeanFactory.java:1782)
	at org.springframework.beans.factory.support.AbstractAutowireCapableBeanFactory.doCreateBean(AbstractAutowireCapableBeanFactory.java:602)
	at org.springframework.beans.factory.support.AbstractAutowireCapableBeanFactory.createBean(AbstractAutowireCapableBeanFactory.java:524)
	at org.springframework.beans.factory.support.AbstractBeanFactory.lambda$doGetBean$0(AbstractBeanFactory.java:335)
	at org.springframework.beans.factory.support.DefaultSingletonBeanRegistry.getSingleton(DefaultSingletonBeanRegistry.java:234)
	at org.springframework.beans.factory.support.AbstractBeanFactory.doGetBean(AbstractBeanFactory.java:333)
	at org.springframework.beans.factory.support.AbstractBeanFactory.getBean(AbstractBeanFactory.java:208)
	at org.springframework.context.support.AbstractApplicationContext.getBean(AbstractApplicationContext.java:1154)
	at org.springframework.context.support.AbstractApplicationContext.finishBeanFactoryInitialization(AbstractApplicationContext.java:908)
	at org.springframework.context.support.AbstractApplicationContext.refresh(AbstractApplicationContext.java:583)
	at org.springframework.boot.web.servlet.context.ServletWebServerApplicationContext.refresh(ServletWebServerApplicationContext.java:144)
	at org.springframework.boot.SpringApplication.refresh(SpringApplication.java:782)
	at org.springframework.boot.SpringApplication.refresh(SpringApplication.java:774)
	at org.springframework.boot.SpringApplication.refreshContext(SpringApplication.java:439)
	at org.springframework.boot.SpringApplication.run(SpringApplication.java:339)
	at org.springframework.boot.SpringApplication.run(SpringApplication.java:1340)
	at org.springframework.boot.SpringApplication.run(SpringApplication.java:1329)
	at com.sanvalero.quintapracticaaccesodatosmayo.QuintaPracticaAccesoDatosMayoApplication.main(QuintaPracticaAccesoDatosMayoApplication.java:10)
2021-05-18 09:28:59,329 WARN org.hibernate.engine.jdbc.env.internal.JdbcEnvironmentInitiator [main] HHH000342: Could not obtain connection to query metadata
java.sql.SQLSyntaxErrorException: Unknown database 'developers'
	at com.mysql.cj.jdbc.exceptions.SQLError.createSQLException(SQLError.java:120)
	at com.mysql.cj.jdbc.exceptions.SQLExceptionsMapping.translateException(SQLExceptionsMapping.java:122)
	at com.mysql.cj.jdbc.ConnectionImpl.createNewIO(ConnectionImpl.java:833)
	at com.mysql.cj.jdbc.ConnectionImpl.<init>(ConnectionImpl.java:453)
	at com.mysql.cj.jdbc.ConnectionImpl.getInstance(ConnectionImpl.java:246)
	at com.mysql.cj.jdbc.NonRegisteringDriver.connect(NonRegisteringDriver.java:198)
	at com.zaxxer.hikari.util.DriverDataSource.getConnection(DriverDataSource.java:138)
	at com.zaxxer.hikari.pool.PoolBase.newConnection(PoolBase.java:358)
	at com.zaxxer.hikari.pool.PoolBase.newPoolEntry(PoolBase.java:206)
	at com.zaxxer.hikari.pool.HikariPool.createPoolEntry(HikariPool.java:477)
	at com.zaxxer.hikari.pool.HikariPool.checkFailFast(HikariPool.java:560)
	at com.zaxxer.hikari.pool.HikariPool.<init>(HikariPool.java:115)
	at com.zaxxer.hikari.HikariDataSource.getConnection(HikariDataSource.java:112)
	at org.hibernate.engine.jdbc.connections.internal.DatasourceConnectionProviderImpl.getConnection(DatasourceConnectionProviderImpl.java:122)
	at org.hibernate.engine.jdbc.env.internal.JdbcEnvironmentInitiator$ConnectionProviderJdbcConnectionAccess.obtainConnection(JdbcEnvironmentInitiator.java:180)
	at org.hibernate.engine.jdbc.env.internal.JdbcEnvironmentInitiator.initiateService(JdbcEnvironmentInitiator.java:68)
	at org.hibernate.engine.jdbc.env.internal.JdbcEnvironmentInitiator.initiateService(JdbcEnvironmentInitiator.java:35)
	at org.hibernate.boot.registry.internal.StandardServiceRegistryImpl.initiateService(StandardServiceRegistryImpl.java:101)
	at org.hibernate.service.internal.AbstractServiceRegistryImpl.createService(AbstractServiceRegistryImpl.java:263)
	at org.hibernate.service.internal.AbstractServiceRegistryImpl.initializeService(AbstractServiceRegistryImpl.java:237)
	at org.hibernate.service.internal.AbstractServiceRegistryImpl.getService(AbstractServiceRegistryImpl.java:214)
	at org.hibernate.id.factory.internal.DefaultIdentifierGeneratorFactory.injectServices(DefaultIdentifierGeneratorFactory.java:152)
	at org.hibernate.service.internal.AbstractServiceRegistryImpl.injectDependencies(AbstractServiceRegistryImpl.java:286)
	at org.hibernate.service.internal.AbstractServiceRegistryImpl.initializeService(AbstractServiceRegistryImpl.java:243)
	at org.hibernate.service.internal.AbstractServiceRegistryImpl.getService(AbstractServiceRegistryImpl.java:214)
	at org.hibernate.boot.internal.InFlightMetadataCollectorImpl.<init>(InFlightMetadataCollectorImpl.java:176)
	at org.hibernate.boot.model.process.spi.MetadataBuildingProcess.complete(MetadataBuildingProcess.java:127)
	at org.hibernate.jpa.boot.internal.EntityManagerFactoryBuilderImpl.metadata(EntityManagerFactoryBuilderImpl.java:1224)
	at org.hibernate.jpa.boot.internal.EntityManagerFactoryBuilderImpl.build(EntityManagerFactoryBuilderImpl.java:1255)
	at org.springframework.orm.jpa.vendor.SpringHibernateJpaPersistenceProvider.createContainerEntityManagerFactory(SpringHibernateJpaPersistenceProvider.java:58)
	at org.springframework.orm.jpa.LocalContainerEntityManagerFactoryBean.createNativeEntityManagerFactory(LocalContainerEntityManagerFactoryBean.java:365)
	at org.springframework.orm.jpa.AbstractEntityManagerFactoryBean.buildNativeEntityManagerFactory(AbstractEntityManagerFactoryBean.java:409)
	at org.springframework.orm.jpa.AbstractEntityManagerFactoryBean.afterPropertiesSet(AbstractEntityManagerFactoryBean.java:396)
	at org.springframework.orm.jpa.LocalContainerEntityManagerFactoryBean.afterPropertiesSet(LocalContainerEntityManagerFactoryBean.java:341)
	at org.springframework.beans.factory.support.AbstractAutowireCapableBeanFactory.invokeInitMethods(AbstractAutowireCapableBeanFactory.java:1845)
	at org.springframework.beans.factory.support.AbstractAutowireCapableBeanFactory.initializeBean(AbstractAutowireCapableBeanFactory.java:1782)
	at org.springframework.beans.factory.support.AbstractAutowireCapableBeanFactory.doCreateBean(AbstractAutowireCapableBeanFactory.java:602)
	at org.springframework.beans.factory.support.AbstractAutowireCapableBeanFactory.createBean(AbstractAutowireCapableBeanFactory.java:524)
	at org.springframework.beans.factory.support.AbstractBeanFactory.lambda$doGetBean$0(AbstractBeanFactory.java:335)
	at org.springframework.beans.factory.support.DefaultSingletonBeanRegistry.getSingleton(DefaultSingletonBeanRegistry.java:234)
	at org.springframework.beans.factory.support.AbstractBeanFactory.doGetBean(AbstractBeanFactory.java:333)
	at org.springframework.beans.factory.support.AbstractBeanFactory.getBean(AbstractBeanFactory.java:208)
	at org.springframework.context.support.AbstractApplicationContext.getBean(AbstractApplicationContext.java:1154)
	at org.springframework.context.support.AbstractApplicationContext.finishBeanFactoryInitialization(AbstractApplicationContext.java:908)
	at org.springframework.context.support.AbstractApplicationContext.refresh(AbstractApplicationContext.java:583)
	at org.springframework.boot.web.servlet.context.ServletWebServerApplicationContext.refresh(ServletWebServerApplicationContext.java:144)
	at org.springframework.boot.SpringApplication.refresh(SpringApplication.java:782)
	at org.springframework.boot.SpringApplication.refresh(SpringApplication.java:774)
	at org.springframework.boot.SpringApplication.refreshContext(SpringApplication.java:439)
	at org.springframework.boot.SpringApplication.run(SpringApplication.java:339)
	at org.springframework.boot.SpringApplication.run(SpringApplication.java:1340)
	at org.springframework.boot.SpringApplication.run(SpringApplication.java:1329)
	at com.sanvalero.quintapracticaaccesodatosmayo.QuintaPracticaAccesoDatosMayoApplication.main(QuintaPracticaAccesoDatosMayoApplication.java:10)
2021-05-18 09:28:59,335 ERROR org.springframework.orm.jpa.AbstractEntityManagerFactoryBean [main] Failed to initialize JPA EntityManagerFactory: Unable to create requested service [org.hibernate.engine.jdbc.env.spi.JdbcEnvironment]
2021-05-18 09:28:59,336 WARN org.springframework.context.support.AbstractApplicationContext [main] Exception encountered during context initialization - cancelling refresh attempt: org.springframework.beans.factory.BeanCreationException: Error creating bean with name 'entityManagerFactory' defined in class path resource [org/springframework/boot/autoconfigure/orm/jpa/HibernateJpaConfiguration.class]: Invocation of init method failed; nested exception is org.hibernate.service.spi.ServiceException: Unable to create requested service [org.hibernate.engine.jdbc.env.spi.JdbcEnvironment]
2021-05-18 09:28:59,339 INFO org.apache.juli.logging.DirectJDKLog [main] Stopping service [Tomcat]
2021-05-18 09:28:59,348 INFO org.springframework.boot.autoconfigure.logging.ConditionEvaluationReportLoggingListener [main] 

Error starting ApplicationContext. To display the conditions report re-run your application with 'debug' enabled.
2021-05-18 09:28:59,362 ERROR org.springframework.boot.SpringApplication [main] Application run failed
org.springframework.beans.factory.BeanCreationException: Error creating bean with name 'entityManagerFactory' defined in class path resource [org/springframework/boot/autoconfigure/orm/jpa/HibernateJpaConfiguration.class]: Invocation of init method failed; nested exception is org.hibernate.service.spi.ServiceException: Unable to create requested service [org.hibernate.engine.jdbc.env.spi.JdbcEnvironment]
	at org.springframework.beans.factory.support.AbstractAutowireCapableBeanFactory.initializeBean(AbstractAutowireCapableBeanFactory.java:1786)
	at org.springframework.beans.factory.support.AbstractAutowireCapableBeanFactory.doCreateBean(AbstractAutowireCapableBeanFactory.java:602)
	at org.springframework.beans.factory.support.AbstractAutowireCapableBeanFactory.createBean(AbstractAutowireCapableBeanFactory.java:524)
	at org.springframework.beans.factory.support.AbstractBeanFactory.lambda$doGetBean$0(AbstractBeanFactory.java:335)
	at org.springframework.beans.factory.support.DefaultSingletonBeanRegistry.getSingleton(DefaultSingletonBeanRegistry.java:234)
	at org.springframework.beans.factory.support.AbstractBeanFactory.doGetBean(AbstractBeanFactory.java:333)
	at org.springframework.beans.factory.support.AbstractBeanFactory.getBean(AbstractBeanFactory.java:208)
	at org.springframework.context.support.AbstractApplicationContext.getBean(AbstractApplicationContext.java:1154)
	at org.springframework.context.support.AbstractApplicationContext.finishBeanFactoryInitialization(AbstractApplicationContext.java:908)
	at org.springframework.context.support.AbstractApplicationContext.refresh(AbstractApplicationContext.java:583)
	at org.springframework.boot.web.servlet.context.ServletWebServerApplicationContext.refresh(ServletWebServerApplicationContext.java:144)
	at org.springframework.boot.SpringApplication.refresh(SpringApplication.java:782)
	at org.springframework.boot.SpringApplication.refresh(SpringApplication.java:774)
	at org.springframework.boot.SpringApplication.refreshContext(SpringApplication.java:439)
	at org.springframework.boot.SpringApplication.run(SpringApplication.java:339)
	at org.springframework.boot.SpringApplication.run(SpringApplication.java:1340)
	at org.springframework.boot.SpringApplication.run(SpringApplication.java:1329)
	at com.sanvalero.quintapracticaaccesodatosmayo.QuintaPracticaAccesoDatosMayoApplication.main(QuintaPracticaAccesoDatosMayoApplication.java:10)
Caused by: org.hibernate.service.spi.ServiceException: Unable to create requested service [org.hibernate.engine.jdbc.env.spi.JdbcEnvironment]
	at org.hibernate.service.internal.AbstractServiceRegistryImpl.createService(AbstractServiceRegistryImpl.java:275)
	at org.hibernate.service.internal.AbstractServiceRegistryImpl.initializeService(AbstractServiceRegistryImpl.java:237)
	at org.hibernate.service.internal.AbstractServiceRegistryImpl.getService(AbstractServiceRegistryImpl.java:214)
	at org.hibernate.id.factory.internal.DefaultIdentifierGeneratorFactory.injectServices(DefaultIdentifierGeneratorFactory.java:152)
	at org.hibernate.service.internal.AbstractServiceRegistryImpl.injectDependencies(AbstractServiceRegistryImpl.java:286)
	at org.hibernate.service.internal.AbstractServiceRegistryImpl.initializeService(AbstractServiceRegistryImpl.java:243)
	at org.hibernate.service.internal.AbstractServiceRegistryImpl.getService(AbstractServiceRegistryImpl.java:214)
	at org.hibernate.boot.internal.InFlightMetadataCollectorImpl.<init>(InFlightMetadataCollectorImpl.java:176)
	at org.hibernate.boot.model.process.spi.MetadataBuildingProcess.complete(MetadataBuildingProcess.java:127)
	at org.hibernate.jpa.boot.internal.EntityManagerFactoryBuilderImpl.metadata(EntityManagerFactoryBuilderImpl.java:1224)
	at org.hibernate.jpa.boot.internal.EntityManagerFactoryBuilderImpl.build(EntityManagerFactoryBuilderImpl.java:1255)
	at org.springframework.orm.jpa.vendor.SpringHibernateJpaPersistenceProvider.createContainerEntityManagerFactory(SpringHibernateJpaPersistenceProvider.java:58)
	at org.springframework.orm.jpa.LocalContainerEntityManagerFactoryBean.createNativeEntityManagerFactory(LocalContainerEntityManagerFactoryBean.java:365)
	at org.springframework.orm.jpa.AbstractEntityManagerFactoryBean.buildNativeEntityManagerFactory(AbstractEntityManagerFactoryBean.java:409)
	at org.springframework.orm.jpa.AbstractEntityManagerFactoryBean.afterPropertiesSet(AbstractEntityManagerFactoryBean.java:396)
	at org.springframework.orm.jpa.LocalContainerEntityManagerFactoryBean.afterPropertiesSet(LocalContainerEntityManagerFactoryBean.java:341)
	at org.springframework.beans.factory.support.AbstractAutowireCapableBeanFactory.invokeInitMethods(AbstractAutowireCapableBeanFactory.java:1845)
	at org.springframework.beans.factory.support.AbstractAutowireCapableBeanFactory.initializeBean(AbstractAutowireCapableBeanFactory.java:1782)
	... 17 common frames omitted
Caused by: org.hibernate.HibernateException: Access to DialectResolutionInfo cannot be null when 'hibernate.dialect' not set
	at org.hibernate.engine.jdbc.dialect.internal.DialectFactoryImpl.determineDialect(DialectFactoryImpl.java:100)
	at org.hibernate.engine.jdbc.dialect.internal.DialectFactoryImpl.buildDialect(DialectFactoryImpl.java:54)
	at org.hibernate.engine.jdbc.env.internal.JdbcEnvironmentInitiator.initiateService(JdbcEnvironmentInitiator.java:137)
	at org.hibernate.engine.jdbc.env.internal.JdbcEnvironmentInitiator.initiateService(JdbcEnvironmentInitiator.java:35)
	at org.hibernate.boot.registry.internal.StandardServiceRegistryImpl.initiateService(StandardServiceRegistryImpl.java:101)
	at org.hibernate.service.internal.AbstractServiceRegistryImpl.createService(AbstractServiceRegistryImpl.java:263)
	... 34 common frames omitted
2021-05-18 09:29:54,935 INFO org.springframework.boot.StartupInfoLogger [main] Starting QuintaPracticaAccesoDatosMayoApplication using Java 11.0.8 on DESKTOP-SPU9LGP with PID 3620 (C:\Users\shady\Documents\Proyectos_IntelliJ\QuintaPracticaAccesoDatosMayo\target\classes started by shady in C:\Users\shady\Documents\Proyectos_IntelliJ\QuintaPracticaAccesoDatosMayo)
2021-05-18 09:29:54,937 INFO org.springframework.boot.SpringApplication [main] No active profile set, falling back to default profiles: default
2021-05-18 09:29:55,402 INFO org.springframework.data.repository.config.RepositoryConfigurationDelegate [main] Bootstrapping Spring Data JPA repositories in DEFAULT mode.
2021-05-18 09:29:55,435 INFO org.springframework.data.repository.config.RepositoryConfigurationDelegate [main] Finished Spring Data repository scanning in 28 ms. Found 1 JPA repository interfaces.
2021-05-18 09:29:55,834 INFO org.springframework.boot.web.embedded.tomcat.TomcatWebServer [main] Tomcat initialized with port(s): 8080 (http)
2021-05-18 09:29:55,840 INFO org.apache.juli.logging.DirectJDKLog [main] Initializing ProtocolHandler ["http-nio-8080"]
2021-05-18 09:29:55,840 INFO org.apache.juli.logging.DirectJDKLog [main] Starting service [Tomcat]
2021-05-18 09:29:55,840 INFO org.apache.juli.logging.DirectJDKLog [main] Starting Servlet engine: [Apache Tomcat/9.0.45]
2021-05-18 09:29:55,920 INFO org.apache.juli.logging.DirectJDKLog [main] Initializing Spring embedded WebApplicationContext
2021-05-18 09:29:55,920 INFO org.springframework.boot.web.servlet.context.ServletWebServerApplicationContext [main] Root WebApplicationContext: initialization completed in 956 ms
2021-05-18 09:29:56,029 INFO org.hibernate.jpa.internal.util.LogHelper [main] HHH000204: Processing PersistenceUnitInfo [name: default]
2021-05-18 09:29:56,071 INFO org.hibernate.Version [main] HHH000412: Hibernate ORM core version 5.4.30.Final
2021-05-18 09:29:56,154 INFO org.hibernate.annotations.common.reflection.java.JavaReflectionManager [main] HCANN000001: Hibernate Commons Annotations {5.1.2.Final}
2021-05-18 09:29:56,205 INFO com.zaxxer.hikari.HikariDataSource [main] HikariPool-1 - Starting...
2021-05-18 09:29:56,319 INFO com.zaxxer.hikari.HikariDataSource [main] HikariPool-1 - Start completed.
2021-05-18 09:29:56,332 INFO org.hibernate.dialect.Dialect [main] HHH000400: Using dialect: org.hibernate.dialect.MySQL55Dialect
2021-05-18 09:29:57,007 INFO org.hibernate.engine.transaction.jta.platform.internal.JtaPlatformInitiator [main] HHH000490: Using JtaPlatform implementation: [org.hibernate.engine.transaction.jta.platform.internal.NoJtaPlatform]
2021-05-18 09:29:57,010 INFO org.springframework.orm.jpa.AbstractEntityManagerFactoryBean [main] Initialized JPA EntityManagerFactory for persistence unit 'default'
2021-05-18 09:29:57,282 WARN org.springframework.boot.autoconfigure.orm.jpa.JpaBaseConfiguration$JpaWebConfiguration [main] spring.jpa.open-in-view is enabled by default. Therefore, database queries may be performed during view rendering. Explicitly configure spring.jpa.open-in-view to disable this warning
2021-05-18 09:29:57,333 INFO org.springframework.scheduling.concurrent.ExecutorConfigurationSupport [main] Initializing ExecutorService 'applicationTaskExecutor'
2021-05-18 09:29:57,670 WARN org.springframework.boot.autoconfigure.thymeleaf.ThymeleafAutoConfiguration$DefaultTemplateResolverConfiguration [main] Cannot find template location: classpath:/templates/ (please add some templates or check your Thymeleaf configuration)
2021-05-18 09:29:57,773 INFO org.apache.juli.logging.DirectJDKLog [main] Starting ProtocolHandler ["http-nio-8080"]
2021-05-18 09:29:57,800 INFO org.springframework.boot.web.embedded.tomcat.TomcatWebServer [main] Tomcat started on port(s): 8080 (http) with context path ''
2021-05-18 09:29:57,807 INFO org.springframework.boot.StartupInfoLogger [main] Started QuintaPracticaAccesoDatosMayoApplication in 3.177 seconds (JVM running for 3.47)
2021-05-18 09:30:38,008 INFO org.apache.juli.logging.DirectJDKLog [http-nio-8080-exec-1] Initializing Spring DispatcherServlet 'dispatcherServlet'
2021-05-18 09:30:38,008 INFO org.springframework.web.servlet.FrameworkServlet [http-nio-8080-exec-1] Initializing Servlet 'dispatcherServlet'
2021-05-18 09:30:38,010 INFO org.springframework.web.servlet.FrameworkServlet [http-nio-8080-exec-1] Completed initialization in 1 ms
2021-05-18 09:30:38,586 INFO org.springdoc.api.AbstractOpenApiResource [http-nio-8080-exec-2] Init duration for springdoc-openapi is: 363 ms
2021-05-18 09:31:29,097 INFO com.sanvalero.quintapracticaaccesodatosmayo.controller.DepartmentController [http-nio-8080-exec-4] Init addDepartment
2021-05-18 09:31:29,148 INFO com.sanvalero.quintapracticaaccesodatosmayo.controller.DepartmentController [http-nio-8080-exec-4] End addDepartment
2021-05-18 09:31:39,993 INFO com.sanvalero.quintapracticaaccesodatosmayo.controller.DepartmentController [http-nio-8080-exec-9] Init addDepartment
2021-05-18 09:31:40,000 INFO com.sanvalero.quintapracticaaccesodatosmayo.controller.DepartmentController [http-nio-8080-exec-9] End addDepartment
2021-05-18 09:31:55,867 INFO com.sanvalero.quintapracticaaccesodatosmayo.controller.DepartmentController [http-nio-8080-exec-10] Init addDepartment
2021-05-18 09:31:55,872 INFO com.sanvalero.quintapracticaaccesodatosmayo.controller.DepartmentController [http-nio-8080-exec-10] End addDepartment
2021-05-18 09:32:02,748 INFO com.sanvalero.quintapracticaaccesodatosmayo.controller.DepartmentController [http-nio-8080-exec-8] Init addDepartment
2021-05-18 09:32:02,756 INFO com.sanvalero.quintapracticaaccesodatosmayo.controller.DepartmentController [http-nio-8080-exec-8] End addDepartment
2021-05-18 09:32:14,262 INFO com.sanvalero.quintapracticaaccesodatosmayo.controller.DepartmentController [http-nio-8080-exec-1] Init addDepartment
2021-05-18 09:32:14,267 INFO com.sanvalero.quintapracticaaccesodatosmayo.controller.DepartmentController [http-nio-8080-exec-1] End addDepartment
2021-05-18 09:32:22,384 INFO com.sanvalero.quintapracticaaccesodatosmayo.controller.DepartmentController [http-nio-8080-exec-3] Init addDepartment
2021-05-18 09:32:22,392 INFO com.sanvalero.quintapracticaaccesodatosmayo.controller.DepartmentController [http-nio-8080-exec-3] End addDepartment
2021-05-18 09:32:35,258 INFO com.sanvalero.quintapracticaaccesodatosmayo.controller.DepartmentController [http-nio-8080-exec-2] Init addDepartment
2021-05-18 09:32:35,263 INFO com.sanvalero.quintapracticaaccesodatosmayo.controller.DepartmentController [http-nio-8080-exec-2] End addDepartment
2021-05-18 10:20:45,228 INFO org.springframework.boot.StartupInfoLogger [main] Starting QuintaPracticaAccesoDatosMayoApplication using Java 11.0.8 on DESKTOP-SPU9LGP with PID 6228 (C:\Users\shady\Documents\Proyectos_IntelliJ\QuintaPracticaAccesoDatosMayo\target\classes started by shady in C:\Users\shady\Documents\Proyectos_IntelliJ\QuintaPracticaAccesoDatosMayo)
2021-05-18 10:20:45,230 INFO org.springframework.boot.SpringApplication [main] No active profile set, falling back to default profiles: default
2021-05-18 10:20:45,674 INFO org.springframework.data.repository.config.RepositoryConfigurationDelegate [main] Bootstrapping Spring Data JPA repositories in DEFAULT mode.
2021-05-18 10:20:45,712 INFO org.springframework.data.repository.config.RepositoryConfigurationDelegate [main] Finished Spring Data repository scanning in 33 ms. Found 2 JPA repository interfaces.
2021-05-18 10:20:46,128 INFO org.springframework.boot.web.embedded.tomcat.TomcatWebServer [main] Tomcat initialized with port(s): 8080 (http)
2021-05-18 10:20:46,133 INFO org.apache.juli.logging.DirectJDKLog [main] Initializing ProtocolHandler ["http-nio-8080"]
2021-05-18 10:20:46,133 INFO org.apache.juli.logging.DirectJDKLog [main] Starting service [Tomcat]
2021-05-18 10:20:46,133 INFO org.apache.juli.logging.DirectJDKLog [main] Starting Servlet engine: [Apache Tomcat/9.0.45]
2021-05-18 10:20:46,215 INFO org.apache.juli.logging.DirectJDKLog [main] Initializing Spring embedded WebApplicationContext
2021-05-18 10:20:46,215 INFO org.springframework.boot.web.servlet.context.ServletWebServerApplicationContext [main] Root WebApplicationContext: initialization completed in 957 ms
2021-05-18 10:20:46,328 INFO org.hibernate.jpa.internal.util.LogHelper [main] HHH000204: Processing PersistenceUnitInfo [name: default]
2021-05-18 10:20:46,378 INFO org.hibernate.Version [main] HHH000412: Hibernate ORM core version 5.4.30.Final
2021-05-18 10:20:46,446 INFO org.hibernate.annotations.common.reflection.java.JavaReflectionManager [main] HCANN000001: Hibernate Commons Annotations {5.1.2.Final}
2021-05-18 10:20:46,496 INFO com.zaxxer.hikari.HikariDataSource [main] HikariPool-1 - Starting...
2021-05-18 10:20:46,614 INFO com.zaxxer.hikari.HikariDataSource [main] HikariPool-1 - Start completed.
2021-05-18 10:20:46,625 INFO org.hibernate.dialect.Dialect [main] HHH000400: Using dialect: org.hibernate.dialect.MySQL55Dialect
2021-05-18 10:20:46,996 INFO org.hibernate.engine.transaction.jta.platform.internal.JtaPlatformInitiator [main] HHH000490: Using JtaPlatform implementation: [org.hibernate.engine.transaction.jta.platform.internal.NoJtaPlatform]
2021-05-18 10:20:47,000 INFO org.springframework.orm.jpa.AbstractEntityManagerFactoryBean [main] Initialized JPA EntityManagerFactory for persistence unit 'default'
2021-05-18 10:20:47,225 WARN org.springframework.boot.autoconfigure.orm.jpa.JpaBaseConfiguration$JpaWebConfiguration [main] spring.jpa.open-in-view is enabled by default. Therefore, database queries may be performed during view rendering. Explicitly configure spring.jpa.open-in-view to disable this warning
2021-05-18 10:20:47,268 INFO org.springframework.scheduling.concurrent.ExecutorConfigurationSupport [main] Initializing ExecutorService 'applicationTaskExecutor'
2021-05-18 10:20:47,555 WARN org.springframework.boot.autoconfigure.thymeleaf.ThymeleafAutoConfiguration$DefaultTemplateResolverConfiguration [main] Cannot find template location: classpath:/templates/ (please add some templates or check your Thymeleaf configuration)
2021-05-18 10:20:47,662 INFO org.apache.juli.logging.DirectJDKLog [main] Starting ProtocolHandler ["http-nio-8080"]
2021-05-18 10:20:47,677 INFO org.springframework.boot.web.embedded.tomcat.TomcatWebServer [main] Tomcat started on port(s): 8080 (http) with context path ''
2021-05-18 10:20:47,683 INFO org.springframework.boot.StartupInfoLogger [main] Started QuintaPracticaAccesoDatosMayoApplication in 2.755 seconds (JVM running for 3.051)
2021-05-18 10:21:06,735 INFO org.apache.juli.logging.DirectJDKLog [http-nio-8080-exec-1] Initializing Spring DispatcherServlet 'dispatcherServlet'
2021-05-18 10:21:06,738 INFO org.springframework.web.servlet.FrameworkServlet [http-nio-8080-exec-1] Initializing Servlet 'dispatcherServlet'
2021-05-18 10:21:06,739 INFO org.springframework.web.servlet.FrameworkServlet [http-nio-8080-exec-1] Completed initialization in 1 ms
2021-05-18 10:21:07,270 INFO org.springdoc.api.AbstractOpenApiResource [http-nio-8080-exec-6] Init duration for springdoc-openapi is: 342 ms
2021-05-18 10:22:35,316 INFO com.sanvalero.quintapracticaaccesodatosmayo.controller.EmployeeController [http-nio-8080-exec-7] Init addEmployee
2021-05-18 10:22:35,408 INFO com.sanvalero.quintapracticaaccesodatosmayo.controller.EmployeeController [http-nio-8080-exec-7] End addEmployee
2021-05-18 10:23:36,803 INFO com.sanvalero.quintapracticaaccesodatosmayo.controller.EmployeeController [http-nio-8080-exec-10] Init addEmployee
2021-05-18 10:23:36,815 INFO com.sanvalero.quintapracticaaccesodatosmayo.controller.EmployeeController [http-nio-8080-exec-10] End addEmployee
2021-05-18 10:24:03,557 INFO com.sanvalero.quintapracticaaccesodatosmayo.controller.EmployeeController [http-nio-8080-exec-1] Init addEmployee
2021-05-18 10:24:03,567 INFO com.sanvalero.quintapracticaaccesodatosmayo.controller.EmployeeController [http-nio-8080-exec-1] End addEmployee
2021-05-18 10:24:33,586 INFO com.sanvalero.quintapracticaaccesodatosmayo.controller.EmployeeController [http-nio-8080-exec-2] Init addEmployee
2021-05-18 10:24:33,600 INFO com.sanvalero.quintapracticaaccesodatosmayo.controller.EmployeeController [http-nio-8080-exec-2] End addEmployee
2021-05-18 10:25:09,603 INFO com.sanvalero.quintapracticaaccesodatosmayo.controller.EmployeeController [http-nio-8080-exec-6] Init addEmployee
2021-05-18 10:25:09,613 INFO com.sanvalero.quintapracticaaccesodatosmayo.controller.EmployeeController [http-nio-8080-exec-6] End addEmployee
2021-05-18 10:25:41,477 INFO com.sanvalero.quintapracticaaccesodatosmayo.controller.EmployeeController [http-nio-8080-exec-4] Init addEmployee
2021-05-18 10:25:41,488 INFO com.sanvalero.quintapracticaaccesodatosmayo.controller.EmployeeController [http-nio-8080-exec-4] End addEmployee
2021-05-18 10:26:12,388 INFO com.sanvalero.quintapracticaaccesodatosmayo.controller.EmployeeController [http-nio-8080-exec-5] Init addEmployee
2021-05-18 10:26:12,398 INFO com.sanvalero.quintapracticaaccesodatosmayo.controller.EmployeeController [http-nio-8080-exec-5] End addEmployee
2021-05-18 10:26:31,283 INFO com.sanvalero.quintapracticaaccesodatosmayo.controller.EmployeeController [http-nio-8080-exec-3] Init addEmployee
2021-05-18 10:26:31,294 INFO com.sanvalero.quintapracticaaccesodatosmayo.controller.EmployeeController [http-nio-8080-exec-3] End addEmployee
2021-05-18 10:27:15,346 INFO com.sanvalero.quintapracticaaccesodatosmayo.controller.EmployeeController [http-nio-8080-exec-7] Init getEmployees
2021-05-18 10:27:15,436 INFO com.sanvalero.quintapracticaaccesodatosmayo.controller.EmployeeController [http-nio-8080-exec-7] End getEmployees
2021-05-18 10:27:25,533 INFO com.sanvalero.quintapracticaaccesodatosmayo.controller.EmployeeController [http-nio-8080-exec-8] Init getEmployeeById
2021-05-18 10:27:25,537 INFO com.sanvalero.quintapracticaaccesodatosmayo.controller.EmployeeController [http-nio-8080-exec-8] End getEmployeeById
2021-05-18 10:28:00,255 INFO com.sanvalero.quintapracticaaccesodatosmayo.controller.EmployeeController [http-nio-8080-exec-9] Init modifyEmployee
2021-05-18 10:28:00,263 INFO com.sanvalero.quintapracticaaccesodatosmayo.controller.EmployeeController [http-nio-8080-exec-9] End modifyEmployee
2021-05-18 10:28:44,026 INFO com.sanvalero.quintapracticaaccesodatosmayo.controller.EmployeeController [http-nio-8080-exec-10] Init modifyEmployeeBySalary
2021-05-18 10:28:44,033 INFO com.sanvalero.quintapracticaaccesodatosmayo.controller.EmployeeController [http-nio-8080-exec-10] End modifyEmployeeBySalary
2021-05-18 10:29:11,394 INFO com.sanvalero.quintapracticaaccesodatosmayo.controller.EmployeeController [http-nio-8080-exec-1] Init deleteEmployee
2021-05-18 10:29:11,425 INFO com.sanvalero.quintapracticaaccesodatosmayo.controller.EmployeeController [http-nio-8080-exec-1] End deleteEmployee
2021-05-18 10:31:04,358 INFO com.sanvalero.quintapracticaaccesodatosmayo.controller.DepartmentController [http-nio-8080-exec-5] Init addDepartment
2021-05-18 10:31:04,363 INFO com.sanvalero.quintapracticaaccesodatosmayo.controller.DepartmentController [http-nio-8080-exec-5] End addDepartment
2021-05-18 10:31:22,216 INFO com.sanvalero.quintapracticaaccesodatosmayo.controller.DepartmentController [http-nio-8080-exec-3] Init getDepartments
2021-05-18 10:31:22,221 INFO com.sanvalero.quintapracticaaccesodatosmayo.controller.DepartmentController [http-nio-8080-exec-3] End getDepartments
2021-05-18 10:32:04,579 INFO com.sanvalero.quintapracticaaccesodatosmayo.controller.DepartmentController [http-nio-8080-exec-7] Init getDepartmentById
2021-05-18 10:32:04,581 INFO com.sanvalero.quintapracticaaccesodatosmayo.controller.DepartmentController [http-nio-8080-exec-7] End getDepartmentById
2021-05-18 10:32:59,935 INFO com.sanvalero.quintapracticaaccesodatosmayo.controller.DepartmentController [http-nio-8080-exec-8] Init findEmployeeBySalary
2021-05-18 10:32:59,940 INFO com.sanvalero.quintapracticaaccesodatosmayo.controller.DepartmentController [http-nio-8080-exec-8] End findEmployeeBySalary
2021-05-18 10:33:08,765 INFO com.sanvalero.quintapracticaaccesodatosmayo.controller.DepartmentController [http-nio-8080-exec-9] Init findEmployeeBySalary
2021-05-18 10:33:08,769 INFO com.sanvalero.quintapracticaaccesodatosmayo.controller.DepartmentController [http-nio-8080-exec-9] End findEmployeeBySalary
2021-05-18 10:33:42,239 INFO com.sanvalero.quintapracticaaccesodatosmayo.controller.DepartmentController [http-nio-8080-exec-10] Init getDepartmentById
2021-05-18 10:33:42,241 INFO com.sanvalero.quintapracticaaccesodatosmayo.controller.DepartmentController [http-nio-8080-exec-10] End getDepartmentById
2021-05-18 10:34:10,084 INFO com.sanvalero.quintapracticaaccesodatosmayo.controller.DepartmentController [http-nio-8080-exec-1] Init modifyDepartment
2021-05-18 10:34:10,090 INFO com.sanvalero.quintapracticaaccesodatosmayo.controller.DepartmentController [http-nio-8080-exec-1] End modifyDepartment
2021-05-18 10:34:25,859 INFO com.sanvalero.quintapracticaaccesodatosmayo.controller.DepartmentController [http-nio-8080-exec-2] Init deleteDepartment
2021-05-18 10:34:25,869 INFO com.sanvalero.quintapracticaaccesodatosmayo.controller.DepartmentController [http-nio-8080-exec-2] End deleteDepartment
